<?xml version="1.0" encoding="UTF-8"?>
<testsuite xmlns:xsi="http://www.w3.org/2001/XMLSchema-instance" xsi:noNamespaceSchemaLocation="https://maven.apache.org/surefire/maven-surefire-plugin/xsd/surefire-test-report.xsd" version="3.0.2" name="com.banking.RealtimeAPIs.RealtimeApIsApplicationTests" time="11.096" tests="1" errors="0" skipped="0" failures="0">
  <properties>
[...]
</properties>
  <testcase name="contextLoads" classname="com.banking.RealtimeAPIs.RealtimeApIsApplicationTests" time="1.426">
    <system-out><![CDATA[20:24:52.592 [main] INFO org.springframework.test.context.support.AnnotationConfigContextLoaderUtils -- Could not detect default configuration classes for test class [com.banking.RealtimeAPIs.RealtimeApIsApplicationTests]: RealtimeApIsApplicationTests does not declare any static, non-private, non-final, nested classes annotated with @Configuration.
20:24:52.859 [main] INFO org.springframework.boot.test.context.SpringBootTestContextBootstrapper -- Found @SpringBootConfiguration com.banking.RealtimeAPIs.RealtimeApIsApplication for test class com.banking.RealtimeAPIs.RealtimeApIsApplicationTests

  .   ____          _            __ _ _
 /\\ / ___'_ __ _ _(_)_ __  __ _ \ \ \ \
( ( )\___ | '_ | '_| | '_ \/ _` | \ \ \ \
 \\/  ___)| |_)| | | | | || (_| |  ) ) ) )
  '  |____| .__|_| |_|_| |_\__, | / / / /
 =========|_|==============|___/=/_/_/_/

 :: Spring Boot ::                (v3.4.3)

2025-02-25T20:24:54.003+05:30  INFO 12464 --- [RealtimeAPIs] [           main] c.b.R.RealtimeApIsApplicationTests       : Starting RealtimeApIsApplicationTests using Java 22.0.2 with PID 12464 (started by navya.kankanala in C:\Users\navya.kankanala\Java Practice\RealtimeAPIs\RealtimeAPIs)
2025-02-25T20:24:54.006+05:30  INFO 12464 --- [RealtimeAPIs] [           main] c.b.R.RealtimeApIsApplicationTests       : No active profile set, falling back to 1 default profile: "default"
2025-02-25T20:24:55.439+05:30  INFO 12464 --- [RealtimeAPIs] [           main] .s.d.r.c.RepositoryConfigurationDelegate : Bootstrapping Spring Data JPA repositories in DEFAULT mode.
2025-02-25T20:24:55.558+05:30  INFO 12464 --- [RealtimeAPIs] [           main] .s.d.r.c.RepositoryConfigurationDelegate : Finished Spring Data repository scanning in 99 ms. Found 1 JPA repository interface.
2025-02-25T20:24:56.440+05:30  INFO 12464 --- [RealtimeAPIs] [           main] o.hibernate.jpa.internal.util.LogHelper  : HHH000204: Processing PersistenceUnitInfo [name: default]
2025-02-25T20:24:56.617+05:30  INFO 12464 --- [RealtimeAPIs] [           main] org.hibernate.Version                    : HHH000412: Hibernate ORM core version 6.6.8.Final
2025-02-25T20:24:56.699+05:30  INFO 12464 --- [RealtimeAPIs] [           main] o.h.c.internal.RegionFactoryInitiator    : HHH000026: Second-level cache disabled
2025-02-25T20:24:57.404+05:30  INFO 12464 --- [RealtimeAPIs] [           main] o.s.o.j.p.SpringPersistenceUnitInfo      : No LoadTimeWeaver setup: ignoring JPA class transformer
2025-02-25T20:24:57.492+05:30  INFO 12464 --- [RealtimeAPIs] [           main] com.zaxxer.hikari.HikariDataSource       : HikariPool-1 - Starting...
2025-02-25T20:24:57.849+05:30  INFO 12464 --- [RealtimeAPIs] [           main] com.zaxxer.hikari.pool.HikariPool        : HikariPool-1 - Added connection com.mysql.cj.jdbc.ConnectionImpl@4ae49387
2025-02-25T20:24:57.854+05:30  INFO 12464 --- [RealtimeAPIs] [           main] com.zaxxer.hikari.HikariDataSource       : HikariPool-1 - Start completed.
2025-02-25T20:24:57.963+05:30  WARN 12464 --- [RealtimeAPIs] [           main] org.hibernate.orm.deprecation            : HHH90000025: MySQL8Dialect does not need to be specified explicitly using 'hibernate.dialect' (remove the property setting and it will be selected by default)
2025-02-25T20:24:57.966+05:30  WARN 12464 --- [RealtimeAPIs] [           main] org.hibernate.orm.deprecation            : HHH90000026: MySQL8Dialect has been deprecated; use org.hibernate.dialect.MySQLDialect instead
2025-02-25T20:24:58.024+05:30  INFO 12464 --- [RealtimeAPIs] [           main] org.hibernate.orm.connections.pooling    : HHH10001005: Database info:
	Database JDBC URL [Connecting through datasource 'HikariDataSource (HikariPool-1)']
	Database driver: undefined/unknown
	Database version: 8.0
	Autocommit mode: undefined/unknown
	Isolation level: undefined/unknown
	Minimum pool size: undefined/unknown
	Maximum pool size: undefined/unknown
2025-02-25T20:24:59.471+05:30  INFO 12464 --- [RealtimeAPIs] [           main] o.h.e.t.j.p.i.JtaPlatformInitiator       : HHH000489: No JTA platform available (set 'hibernate.transaction.jta.platform' to enable JTA platform integration)
Hibernate: create table accounts (id bigint not null auto_increment, account_holder varchar(255), balance float(53) not null, primary key (id)) engine=InnoDB
2025-02-25T20:24:59.834+05:30  INFO 12464 --- [RealtimeAPIs] [           main] j.LocalContainerEntityManagerFactoryBean : Initialized JPA EntityManagerFactory for persistence unit 'default'
2025-02-25T20:25:00.790+05:30  WARN 12464 --- [RealtimeAPIs] [           main] JpaBaseConfiguration$JpaWebConfiguration : spring.jpa.open-in-view is enabled by default. Therefore, database queries may be performed during view rendering. Explicitly configure spring.jpa.open-in-view to disable this warning
2025-02-25T20:25:01.792+05:30  INFO 12464 --- [RealtimeAPIs] [           main] c.b.R.RealtimeApIsApplicationTests       : Started RealtimeApIsApplicationTests in 8.504 seconds (process running for 10.773)
]]></system-out>
    <system-err><![CDATA[Mockito is currently self-attaching to enable the inline-mock-maker. This will no longer work in future releases of the JDK. Please add Mockito as an agent to your build what is described in Mockito's documentation: https://javadoc.io/doc/org.mockito/mockito-core/latest/org/mockito/Mockito.html#0.3
WARNING: A Java agent has been loaded dynamically (C:\Users\navya.kankanala\.m2\repository\net\bytebuddy\byte-buddy-agent\1.15.11\byte-buddy-agent-1.15.11.jar)
WARNING: If a serviceability tool is in use, please run with -XX:+EnableDynamicAgentLoading to hide this warning
WARNING: If a serviceability tool is not in use, please run with -Djdk.instrument.traceUsage for more information
WARNING: Dynamic loading of agents will be disallowed by default in a future release
]]></system-err>
  </testcase>
</testsuite>